  Bishop.cpp
  Board.cpp
c:\users\ismail\desktop\projects\visualstudio\chess\chess\board.cpp(48): warning C4018: '<': signed/unsigned mismatch
c:\users\ismail\desktop\projects\visualstudio\chess\chess\board.cpp(51): warning C4018: '<': signed/unsigned mismatch
c:\users\ismail\desktop\projects\visualstudio\chess\chess\board.cpp(62): warning C4018: '<': signed/unsigned mismatch
c:\users\ismail\desktop\projects\visualstudio\chess\chess\board.cpp(68): warning C4018: '<': signed/unsigned mismatch
c:\users\ismail\desktop\projects\visualstudio\chess\chess\board.cpp(135): warning C4018: '<': signed/unsigned mismatch
c:\users\ismail\desktop\projects\visualstudio\chess\chess\board.cpp(143): warning C4018: '<': signed/unsigned mismatch
  Figure.cpp
  Game.cpp
c:\users\ismail\desktop\projects\visualstudio\chess\chess\game.cpp(7): warning C4244: 'argument': conversion from 'T' to 'unsigned int', possible loss of data
          with
          [
              T=float
          ]
  main.cpp
  Rook.cpp
  Generating Code...
c:\users\ismail\desktop\projects\visualstudio\chess\chess\game.cpp(131): warning C4715: 'Game::onMouseClick': not all control paths return a value
  chess.vcxproj -> C:\Users\Ismail\Desktop\Projects\VisualStudio\chess\Debug\chess.exe
